[debug] [2026-03-06T21:12:52.293Z] ----------------------------------------------------------------------
[debug] [2026-03-06T21:12:52.299Z] Command:       C:\Program Files\nodejs\node.exe C:\Users\Joel\AppData\Roaming\npm\node_modules\firebase-tools\lib\bin\firebase.js emulators:start --only functions
[debug] [2026-03-06T21:12:52.300Z] CLI Version:   15.9.0
[debug] [2026-03-06T21:12:52.343Z] Platform:      win32
[debug] [2026-03-06T21:12:52.344Z] Node Version:  v23.10.0
[debug] [2026-03-06T21:12:52.353Z] Time:          Fri Mar 06 2026 17:12:52 GMT-0400 (GMT-04:00)
[debug] [2026-03-06T21:12:52.354Z] ----------------------------------------------------------------------
[debug] 
[debug] [2026-03-06T21:13:38.959Z] > command requires scopes: ["email","openid","https://www.googleapis.com/auth/cloudplatformprojects.readonly","https://www.googleapis.com/auth/firebase","https://www.googleapis.com/auth/cloud-platform"]
[debug] [2026-03-06T21:13:38.960Z] > authorizing via signed-in user (joelcubas1972@gmail.com)
[info] i  emulators: Starting emulators: functions {"metadata":{"emulator":{"name":"hub"},"message":"Starting emulators: functions"}}
[debug] [2026-03-06T21:13:39.066Z] [logging] Logging Emulator only supports listening on one address (127.0.0.1). Not listening on ::1
[debug] [2026-03-06T21:13:39.066Z] assigned listening specs for emulators {"user":{"hub":[{"address":"127.0.0.1","family":"IPv4","port":4400},{"address":"::1","family":"IPv6","port":4400}],"ui":[{"address":"127.0.0.1","family":"IPv4","port":4000},{"address":"::1","family":"IPv6","port":4000}],"logging":[{"address":"127.0.0.1","family":"IPv4","port":4500}]},"metadata":{"message":"assigned listening specs for emulators"}}
[debug] [2026-03-06T21:13:39.084Z] Found emulator hub locator: {"version":"15.9.0","origins":["http://127.0.0.1:4400","http://[::1]:4400"],"pid":9884}
[debug] [2026-03-06T21:13:39.084Z] Write emulator hub locator at C:\Users\Joel\AppData\Local\Temp\hub-vaivem360plus.json
[debug] [2026-03-06T21:13:39.220Z] [functions] Functions Emulator only supports listening on one address (127.0.0.1). Not listening on ::1
[debug] [2026-03-06T21:13:39.220Z] [eventarc] Eventarc Emulator only supports listening on one address (127.0.0.1). Not listening on ::1
[debug] [2026-03-06T21:13:39.220Z] [tasks] Cloud Tasks Emulator only supports listening on one address (127.0.0.1). Not listening on ::1
[debug] [2026-03-06T21:13:39.253Z] late-assigned ports for functions and eventarc emulators {"user":{"hub":[{"address":"127.0.0.1","family":"IPv4","port":4400},{"address":"::1","family":"IPv6","port":4400}],"ui":[{"address":"127.0.0.1","family":"IPv4","port":4000},{"address":"::1","family":"IPv6","port":4000}],"logging":[{"address":"127.0.0.1","family":"IPv4","port":4500}],"functions":[{"address":"127.0.0.1","family":"IPv4","port":5001}],"eventarc":[{"address":"127.0.0.1","family":"IPv4","port":9299}],"tasks":[{"address":"127.0.0.1","family":"IPv4","port":9499}]},"metadata":{"message":"late-assigned ports for functions and eventarc emulators"}}
[warn] !  functions: The following emulators are not running, calls to these services from the Functions emulator will affect production: apphosting, auth, firestore, database, hosting, pubsub, storage, dataconnect {"metadata":{"emulator":{"name":"functions"},"message":"The following emulators are not running, calls to these services from the Functions emulator will affect production: \u001b[1mapphosting, auth, firestore, database, hosting, pubsub, storage, dataconnect\u001b[22m"}}
[debug] [2026-03-06T21:13:39.394Z] defaultcredentials: writing to file C:\Users\Joel\AppData\Roaming\firebase\joelcubas1972_gmail_com_application_default_credentials.json
[debug] [2026-03-06T21:13:39.431Z] Setting GAC to C:\Users\Joel\AppData\Roaming\firebase\joelcubas1972_gmail_com_application_default_credentials.json {"metadata":{"emulator":{"name":"functions"},"message":"Setting GAC to C:\\Users\\Joel\\AppData\\Roaming\\firebase\\joelcubas1972_gmail_com_application_default_credentials.json"}}
[debug] [2026-03-06T21:13:39.433Z] Checked if tokens are valid: false, expires at: 1772825601891
[debug] [2026-03-06T21:13:39.433Z] Checked if tokens are valid: false, expires at: 1772825601891
[debug] [2026-03-06T21:13:39.434Z] > refreshing access token with scopes: []
[debug] [2026-03-06T21:13:39.451Z] >>> [apiv2][query] POST https://www.googleapis.com/oauth2/v3/token [none]
[debug] [2026-03-06T21:13:39.452Z] >>> [apiv2][body] POST https://www.googleapis.com/oauth2/v3/token [omitted]
[debug] [2026-03-06T21:13:43.368Z] <<< [apiv2][status] POST https://www.googleapis.com/oauth2/v3/token 200
[debug] [2026-03-06T21:13:43.369Z] <<< [apiv2][body] POST https://www.googleapis.com/oauth2/v3/token [omitted]
[debug] [2026-03-06T21:13:43.748Z] >>> [apiv2][query] GET https://firebase.googleapis.com/v1beta1/projects/vaivem360plus/adminSdkConfig [none]
[debug] [2026-03-06T21:13:44.215Z] <<< [apiv2][status] GET https://firebase.googleapis.com/v1beta1/projects/vaivem360plus/adminSdkConfig 200
[debug] [2026-03-06T21:13:44.216Z] <<< [apiv2][body] GET https://firebase.googleapis.com/v1beta1/projects/vaivem360plus/adminSdkConfig {"projectId":"vaivem360plus","storageBucket":"vaivem360plus.firebasestorage.app"}
[info] i  functions: Watching "D:\11_Programación_Java\Proyectos\VAI_VEM360_Plus\functions" for Cloud Functions... {"metadata":{"emulator":{"name":"functions"},"message":"Watching \"D:\\11_Programación_Java\\Proyectos\\VAI_VEM360_Plus\\functions\" for Cloud Functions..."}}
[debug] [2026-03-06T21:13:44.325Z] Validating nodejs source
[debug] [2026-03-06T21:13:54.451Z] checkFunctionsSDKVersion was unable to fetch information from NPM Error: spawnSync C:\Windows\system32\cmd.exe ETIMEDOUT
    at Object.spawnSync (node:internal/child_process:1120:20)
    at Object.spawnSync (node:child_process:868:24)
    at Function.spawnSync [as sync] (C:\Users\Joel\AppData\Roaming\npm\node_modules\firebase-tools\node_modules\cross-spawn\index.js:26:23)
    at Object.getLatestSDKVersion (C:\Users\Joel\AppData\Roaming\npm\node_modules\firebase-tools\lib\deploy\functions\runtimes\node\versioning.js:55:25)
    at Object.checkFunctionsSDKVersion (C:\Users\Joel\AppData\Roaming\npm\node_modules\firebase-tools\lib\deploy\functions\runtimes\node\versioning.js:74:32)
    at Delegate.validate (C:\Users\Joel\AppData\Roaming\npm\node_modules\firebase-tools\lib\deploy\functions\runtimes\node\index.js:88:20)
    at FunctionsEmulator.discoverTriggers (C:\Users\Joel\AppData\Roaming\npm\node_modules\firebase-tools\lib\emulator\functionsEmulator.js:321:35)
    at async FunctionsEmulator.loadTriggers (C:\Users\Joel\AppData\Roaming\npm\node_modules\firebase-tools\lib\emulator\functionsEmulator.js:367:34)
    at async FunctionsEmulator.connect (C:\Users\Joel\AppData\Roaming\npm\node_modules\firebase-tools\lib\emulator\functionsEmulator.js:283:13)
    at async Object.startAll (C:\Users\Joel\AppData\Roaming\npm\node_modules\firebase-tools\lib\emulator\controller.js:683:13)
[debug] [2026-03-06T21:13:54.453Z] > [functions] package.json contents: {
  "name": "functions",
  "scripts": {
    "lint": "eslint --ext .js,.ts .",
    "build": "tsc",
    "build:watch": "tsc --watch",
    "serve": "npm run build && firebase emulators:start --only functions",
    "shell": "npm run build && firebase functions:shell",
    "start": "npm run shell",
    "deploy": "firebase deploy --only functions",
    "logs": "firebase functions:log"
  },
  "engines": {
    "node": "24"
  },
  "main": "lib/index.js",
  "dependencies": {
    "@types/nodemailer": "^7.0.11",
    "firebase-admin": "^13.6.0",
    "firebase-functions": "^7.0.0",
    "nodemailer": "^8.0.1"
  },
  "devDependencies": {
    "@typescript-eslint/eslint-plugin": "^5.12.0",
    "@typescript-eslint/parser": "^5.12.0",
    "eslint": "^8.9.0",
    "eslint-config-google": "^0.14.0",
    "eslint-plugin-import": "^2.25.4",
    "firebase-functions-test": "^3.4.1",
    "typescript": "^5.7.3"
  },
  "private": true
}
[debug] [2026-03-06T21:13:54.453Z] Building nodejs source
[debug] [2026-03-06T21:13:54.454Z] Failed to find version of module node: reached end of search path D:\11_Programación_Java\Proyectos\VAI_VEM360_Plus\functions\node_modules
[warn] !  functions: Your requested "node" version "24" doesn't match your global version "23". Using node@23 from host. 
[debug] [2026-03-06T21:13:54.457Z] Could not find functions.yaml. Must use http discovery
[debug] [2026-03-06T21:13:54.485Z] Found firebase-functions binary at 'D:\11_Programación_Java\Proyectos\VAI_VEM360_Plus\functions\node_modules\.bin\firebase-functions'
[debug] [2026-03-06T21:14:04.569Z] Failed to call quitquitquit. This often means the server failed to start request to http://localhost:8029/__/quitquitquit failed, reason:  {"message":"request to http://localhost:8029/__/quitquitquit failed, reason: ","type":"system","errno":"ECONNREFUSED","code":"ECONNREFUSED"}
[info] Serving at port 8029

[error] !!  functions: Failed to load function definition from source: FirebaseError: User code failed to load. Cannot determine backend specification. Timeout after 10000. See https://firebase.google.com/docs/functions/tips#avoid_deployment_timeouts_during_initialization' {"metadata":{"emulator":{"name":"functions"},"message":"Failed to load function definition from source: FirebaseError: User code failed to load. Cannot determine backend specification. Timeout after 10000. See https://firebase.google.com/docs/functions/tips#avoid_deployment_timeouts_during_initialization'"}}
[debug] [2026-03-06T21:14:14.637Z] Could not find VSCode notification endpoint: FetchError: request to http://localhost:40001/vscode/notify failed, reason: . If you are not running the Firebase Data Connect VSCode extension, this is expected and not an issue.
[info] 
┌─────────────────────────────────────────────────────────────┐
│ ✔  All emulators ready! It is now safe to connect your app. │
│ i  View Emulator UI at http://127.0.0.1:4000/               │
└─────────────────────────────────────────────────────────────┘

┌───────────┬────────────────┬─────────────────────────────────┐
│ Emulator  │ Host:Port      │ View in Emulator UI             │
├───────────┼────────────────┼─────────────────────────────────┤
│ Functions │ 127.0.0.1:5001 │ http://127.0.0.1:4000/functions │
└───────────┴────────────────┴─────────────────────────────────┘
  Emulator Hub host: 127.0.0.1 port: 4400
  Other reserved ports: 4500

Issues? Report them at https://github.com/firebase/firebase-tools/issues and attach the *-debug.log files.
 
[debug] [2026-03-07T02:41:18.455Z] ----------------------------------------------------------------------
[debug] [2026-03-07T02:41:18.459Z] Command:       C:\Program Files\nodejs\node.exe C:\Users\Joel\AppData\Roaming\npm\node_modules\firebase-tools\lib\bin\firebase.js emulators:start --only functions
[debug] [2026-03-07T02:41:18.459Z] CLI Version:   15.9.0
[debug] [2026-03-07T02:41:18.460Z] Platform:      win32
[debug] [2026-03-07T02:41:18.460Z] Node Version:  v23.10.0
[debug] [2026-03-07T02:41:18.558Z] Time:          Fri Mar 06 2026 22:41:18 GMT-0400 (GMT-04:00)
[debug] [2026-03-07T02:41:18.558Z] ----------------------------------------------------------------------
[debug] 
[debug] [2026-03-07T02:45:42.323Z] > command requires scopes: ["email","openid","https://www.googleapis.com/auth/cloudplatformprojects.readonly","https://www.googleapis.com/auth/firebase","https://www.googleapis.com/auth/cloud-platform"]
[debug] [2026-03-07T02:45:42.323Z] > authorizing via signed-in user (joelcubas1972@gmail.com)
[info] i  emulators: Starting emulators: functions {"metadata":{"emulator":{"name":"hub"},"message":"Starting emulators: functions"}}
[debug] [2026-03-07T02:45:43.219Z] [logging] Logging Emulator only supports listening on one address (127.0.0.1). Not listening on ::1
[debug] [2026-03-07T02:45:43.220Z] assigned listening specs for emulators {"user":{"hub":[{"address":"127.0.0.1","family":"IPv4","port":4400},{"address":"::1","family":"IPv6","port":4400}],"ui":[{"address":"127.0.0.1","family":"IPv4","port":4000},{"address":"::1","family":"IPv6","port":4000}],"logging":[{"address":"127.0.0.1","family":"IPv4","port":4500}]},"metadata":{"message":"assigned listening specs for emulators"}}
[debug] [2026-03-07T02:45:43.386Z] Found emulator hub locator: {"version":"15.9.0","origins":["http://127.0.0.1:4400","http://[::1]:4400"],"pid":9436}
[debug] [2026-03-07T02:45:43.903Z] Write emulator hub locator at C:\Users\Joel\AppData\Local\Temp\hub-vaivem360plus.json
[debug] [2026-03-07T02:45:44.774Z] [functions] Functions Emulator only supports listening on one address (127.0.0.1). Not listening on ::1
[debug] [2026-03-07T02:45:44.775Z] [eventarc] Eventarc Emulator only supports listening on one address (127.0.0.1). Not listening on ::1
[debug] [2026-03-07T02:45:44.775Z] [tasks] Cloud Tasks Emulator only supports listening on one address (127.0.0.1). Not listening on ::1
[debug] [2026-03-07T02:45:44.775Z] late-assigned ports for functions and eventarc emulators {"user":{"hub":[{"address":"127.0.0.1","family":"IPv4","port":4400},{"address":"::1","family":"IPv6","port":4400}],"ui":[{"address":"127.0.0.1","family":"IPv4","port":4000},{"address":"::1","family":"IPv6","port":4000}],"logging":[{"address":"127.0.0.1","family":"IPv4","port":4500}],"functions":[{"address":"127.0.0.1","family":"IPv4","port":5001}],"eventarc":[{"address":"127.0.0.1","family":"IPv4","port":9299}],"tasks":[{"address":"127.0.0.1","family":"IPv4","port":9499}]},"metadata":{"message":"late-assigned ports for functions and eventarc emulators"}}
[warn] !  functions: The following emulators are not running, calls to these services from the Functions emulator will affect production: apphosting, auth, firestore, database, hosting, pubsub, storage, dataconnect {"metadata":{"emulator":{"name":"functions"},"message":"The following emulators are not running, calls to these services from the Functions emulator will affect production: \u001b[1mapphosting, auth, firestore, database, hosting, pubsub, storage, dataconnect\u001b[22m"}}
[debug] [2026-03-07T02:45:45.524Z] defaultcredentials: writing to file C:\Users\Joel\AppData\Roaming\firebase\joelcubas1972_gmail_com_application_default_credentials.json
[debug] [2026-03-07T02:45:45.726Z] Setting GAC to C:\Users\Joel\AppData\Roaming\firebase\joelcubas1972_gmail_com_application_default_credentials.json {"metadata":{"emulator":{"name":"functions"},"message":"Setting GAC to C:\\Users\\Joel\\AppData\\Roaming\\firebase\\joelcubas1972_gmail_com_application_default_credentials.json"}}
[debug] [2026-03-07T02:45:45.728Z] Checked if tokens are valid: false, expires at: 1772835222369
[debug] [2026-03-07T02:45:45.729Z] Checked if tokens are valid: false, expires at: 1772835222369
[debug] [2026-03-07T02:45:45.729Z] > refreshing access token with scopes: []
[debug] [2026-03-07T02:45:45.854Z] >>> [apiv2][query] POST https://www.googleapis.com/oauth2/v3/token [none]
[debug] [2026-03-07T02:45:45.854Z] >>> [apiv2][body] POST https://www.googleapis.com/oauth2/v3/token [omitted]
[debug] [2026-03-07T02:45:46.535Z] <<< [apiv2][status] POST https://www.googleapis.com/oauth2/v3/token 200
[debug] [2026-03-07T02:45:46.590Z] <<< [apiv2][body] POST https://www.googleapis.com/oauth2/v3/token [omitted]
[debug] [2026-03-07T02:45:49.049Z] >>> [apiv2][query] GET https://firebase.googleapis.com/v1beta1/projects/vaivem360plus/adminSdkConfig [none]
[debug] [2026-03-07T02:45:49.495Z] <<< [apiv2][status] GET https://firebase.googleapis.com/v1beta1/projects/vaivem360plus/adminSdkConfig 200
[debug] [2026-03-07T02:45:49.496Z] <<< [apiv2][body] GET https://firebase.googleapis.com/v1beta1/projects/vaivem360plus/adminSdkConfig {"projectId":"vaivem360plus","storageBucket":"vaivem360plus.firebasestorage.app"}
[info] i  functions: Watching "D:\vai-vem\functions" for Cloud Functions... {"metadata":{"emulator":{"name":"functions"},"message":"Watching \"D:\\vai-vem\\functions\" for Cloud Functions..."}}
[debug] [2026-03-07T02:45:51.390Z] Validating nodejs source
[debug] [2026-03-07T02:46:03.392Z] checkFunctionsSDKVersion was unable to fetch information from NPM Error: spawnSync C:\Windows\system32\cmd.exe ETIMEDOUT
    at Object.spawnSync (node:internal/child_process:1120:20)
    at Object.spawnSync (node:child_process:868:24)
    at Function.spawnSync [as sync] (C:\Users\Joel\AppData\Roaming\npm\node_modules\firebase-tools\node_modules\cross-spawn\index.js:26:23)
    at Object.getLatestSDKVersion (C:\Users\Joel\AppData\Roaming\npm\node_modules\firebase-tools\lib\deploy\functions\runtimes\node\versioning.js:55:25)
    at Object.checkFunctionsSDKVersion (C:\Users\Joel\AppData\Roaming\npm\node_modules\firebase-tools\lib\deploy\functions\runtimes\node\versioning.js:74:32)
    at Delegate.validate (C:\Users\Joel\AppData\Roaming\npm\node_modules\firebase-tools\lib\deploy\functions\runtimes\node\index.js:88:20)
    at FunctionsEmulator.discoverTriggers (C:\Users\Joel\AppData\Roaming\npm\node_modules\firebase-tools\lib\emulator\functionsEmulator.js:321:35)
    at async FunctionsEmulator.loadTriggers (C:\Users\Joel\AppData\Roaming\npm\node_modules\firebase-tools\lib\emulator\functionsEmulator.js:367:34)
    at async FunctionsEmulator.connect (C:\Users\Joel\AppData\Roaming\npm\node_modules\firebase-tools\lib\emulator\functionsEmulator.js:283:13)
    at async Object.startAll (C:\Users\Joel\AppData\Roaming\npm\node_modules\firebase-tools\lib\emulator\controller.js:683:13)
[debug] [2026-03-07T02:46:03.393Z] > [functions] package.json contents: {
  "name": "functions",
  "scripts": {
    "lint": "eslint --ext .js,.ts .",
    "build": "tsc",
    "build:watch": "tsc --watch",
    "serve": "npm run build && firebase emulators:start --only functions",
    "shell": "npm run build && firebase functions:shell",
    "start": "npm run shell",
    "deploy": "firebase deploy --only functions",
    "logs": "firebase functions:log"
  },
  "engines": {
    "node": "24"
  },
  "main": "lib/index.js",
  "dependencies": {
    "@types/nodemailer": "^7.0.11",
    "firebase-admin": "^13.6.0",
    "firebase-functions": "^7.0.0",
    "nodemailer": "^8.0.1"
  },
  "devDependencies": {
    "@typescript-eslint/eslint-plugin": "^5.12.0",
    "@typescript-eslint/parser": "^5.12.0",
    "eslint": "^8.9.0",
    "eslint-config-google": "^0.14.0",
    "eslint-plugin-import": "^2.25.4",
    "firebase-functions-test": "^3.4.1",
    "typescript": "^5.7.3"
  },
  "private": true
}
[debug] [2026-03-07T02:46:03.587Z] Building nodejs source
[debug] [2026-03-07T02:46:03.588Z] Failed to find version of module node: reached end of search path D:\vai-vem\functions\node_modules
[warn] !  functions: Your requested "node" version "24" doesn't match your global version "23". Using node@23 from host. 
[debug] [2026-03-07T02:46:03.609Z] Could not find functions.yaml. Must use http discovery
[debug] [2026-03-07T02:46:03.616Z] Found firebase-functions binary at 'D:\vai-vem\functions\node_modules\.bin\firebase-functions'
[debug] [2026-03-07T02:46:14.117Z] Failed to call quitquitquit. This often means the server failed to start request to http://localhost:8116/__/quitquitquit failed, reason:  {"message":"request to http://localhost:8116/__/quitquitquit failed, reason: ","type":"system","errno":"ECONNREFUSED","code":"ECONNREFUSED"}
[error] !!  functions: Failed to load function definition from source: FirebaseError: User code failed to load. Cannot determine backend specification. Timeout after 10000. See https://firebase.google.com/docs/functions/tips#avoid_deployment_timeouts_during_initialization' {"metadata":{"emulator":{"name":"functions"},"message":"Failed to load function definition from source: FirebaseError: User code failed to load. Cannot determine backend specification. Timeout after 10000. See https://firebase.google.com/docs/functions/tips#avoid_deployment_timeouts_during_initialization'"}}
[debug] [2026-03-07T02:46:24.575Z] Could not find VSCode notification endpoint: FetchError: request to http://localhost:40001/vscode/notify failed, reason: . If you are not running the Firebase Data Connect VSCode extension, this is expected and not an issue.
[info] 
┌─────────────────────────────────────────────────────────────┐
│ ✔  All emulators ready! It is now safe to connect your app. │
│ i  View Emulator UI at http://127.0.0.1:4000/               │
└─────────────────────────────────────────────────────────────┘

┌───────────┬────────────────┬─────────────────────────────────┐
│ Emulator  │ Host:Port      │ View in Emulator UI             │
├───────────┼────────────────┼─────────────────────────────────┤
│ Functions │ 127.0.0.1:5001 │ http://127.0.0.1:4000/functions │
└───────────┴────────────────┴─────────────────────────────────┘
  Emulator Hub host: 127.0.0.1 port: 4400
  Other reserved ports: 4500

Issues? Report them at https://github.com/firebase/firebase-tools/issues and attach the *-debug.log files.
 
[info] Serving at port 8116

