[debug] [2026-03-09T01:15:19.400Z] ----------------------------------------------------------------------
[debug] [2026-03-09T01:15:19.404Z] Command:       C:\Program Files\nodejs\node.exe C:\Users\Joel\AppData\Roaming\npm\node_modules\firebase-tools\lib\bin\firebase.js emulators:start
[debug] [2026-03-09T01:15:19.405Z] CLI Version:   15.9.0
[debug] [2026-03-09T01:15:19.405Z] Platform:      win32
[debug] [2026-03-09T01:15:19.405Z] Node Version:  v23.10.0
[debug] [2026-03-09T01:15:19.415Z] Time:          Sun Mar 08 2026 21:15:19 GMT-0400 (GMT-04:00)
[debug] [2026-03-09T01:15:19.416Z] ----------------------------------------------------------------------
[debug] 
[debug] [2026-03-09T01:15:19.420Z] >>> [apiv2][query] GET https://firebase-public.firebaseio.com/cli.json [none]
[debug] [2026-03-09T01:16:28.392Z] > command requires scopes: ["email","openid","https://www.googleapis.com/auth/cloudplatformprojects.readonly","https://www.googleapis.com/auth/firebase","https://www.googleapis.com/auth/cloud-platform"]
[debug] [2026-03-09T01:16:28.392Z] > authorizing via signed-in user (joelcubas1972@gmail.com)
[info] i  emulators: Starting emulators: functions, extensions {"metadata":{"emulator":{"name":"hub"},"message":"Starting emulators: functions, extensions"}}
[debug] [2026-03-09T01:16:28.398Z] Checked if tokens are valid: false, expires at: 1772855145591
[debug] [2026-03-09T01:16:28.398Z] Checked if tokens are valid: false, expires at: 1772855145591
[debug] [2026-03-09T01:16:28.399Z] > refreshing access token with scopes: []
[debug] [2026-03-09T01:16:28.401Z] >>> [apiv2][query] POST https://www.googleapis.com/oauth2/v3/token [none]
[debug] [2026-03-09T01:16:28.401Z] >>> [apiv2][body] POST https://www.googleapis.com/oauth2/v3/token [omitted]
[debug] [2026-03-09T01:16:28.932Z] <<< [apiv2][status] POST https://www.googleapis.com/oauth2/v3/token 200
[debug] [2026-03-09T01:16:28.932Z] <<< [apiv2][body] POST https://www.googleapis.com/oauth2/v3/token [omitted]
[debug] [2026-03-09T01:16:29.159Z] >>> [apiv2][query] GET https://serviceusage.googleapis.com/v1/projects/vaivem360plus/services/cloudresourcemanager.googleapis.com [none]
[debug] [2026-03-09T01:16:29.159Z] >>> [apiv2][(partial)header] GET https://serviceusage.googleapis.com/v1/projects/vaivem360plus/services/cloudresourcemanager.googleapis.com  x-goog-user-project=vaivem360plus
[debug] [2026-03-09T01:16:29.164Z] <<< [apiv2][status] GET https://firebase-public.firebaseio.com/cli.json 200
[debug] [2026-03-09T01:16:29.164Z] <<< [apiv2][body] GET https://firebase-public.firebaseio.com/cli.json {"cloudBuildErrorAfter":1594252800000,"cloudBuildWarnAfter":1590019200000,"defaultNode10After":1594252800000,"minVersion":"3.0.5","node8DeploysDisabledAfter":1613390400000,"node8RuntimeDisabledAfter":1615809600000,"node8WarnAfter":1600128000000}
[debug] [2026-03-09T01:16:30.465Z] <<< [apiv2][status] GET https://serviceusage.googleapis.com/v1/projects/vaivem360plus/services/cloudresourcemanager.googleapis.com 200
[debug] [2026-03-09T01:16:30.465Z] <<< [apiv2][body] GET https://serviceusage.googleapis.com/v1/projects/vaivem360plus/services/cloudresourcemanager.googleapis.com [omitted]
[debug] [2026-03-09T01:16:30.512Z] Checked if tokens are valid: true, expires at: 1773022587932
[debug] [2026-03-09T01:16:30.513Z] Checked if tokens are valid: true, expires at: 1773022587932
[debug] [2026-03-09T01:16:30.513Z] >>> [apiv2][query] GET https://cloudresourcemanager.googleapis.com/v1/projects/vaivem360plus [none]
[debug] [2026-03-09T01:16:31.467Z] <<< [apiv2][status] GET https://cloudresourcemanager.googleapis.com/v1/projects/vaivem360plus 200
[debug] [2026-03-09T01:16:31.468Z] <<< [apiv2][body] GET https://cloudresourcemanager.googleapis.com/v1/projects/vaivem360plus {"projectNumber":"174063189211","projectId":"vaivem360plus","lifecycleState":"ACTIVE","name":"VAI-VEM360-PLUS","labels":{"firebase":"enabled","firebase-core":"disabled"},"createTime":"2026-02-28T01:18:37.062005Z"}
[debug] [2026-03-09T01:16:31.516Z] [logging] Logging Emulator only supports listening on one address (127.0.0.1). Not listening on ::1
[debug] [2026-03-09T01:16:31.516Z] assigned listening specs for emulators {"user":{"hub":[{"address":"127.0.0.1","family":"IPv4","port":4400},{"address":"::1","family":"IPv6","port":4400}],"ui":[{"address":"127.0.0.1","family":"IPv4","port":4000},{"address":"::1","family":"IPv6","port":4000}],"logging":[{"address":"127.0.0.1","family":"IPv4","port":4500}]},"metadata":{"message":"assigned listening specs for emulators"}}
[debug] [2026-03-09T01:16:31.546Z] Found emulator hub locator: {"version":"15.9.0","origins":["http://127.0.0.1:4400","http://[::1]:4400"],"pid":124}
[debug] [2026-03-09T01:16:31.546Z] Write emulator hub locator at C:\Users\Joel\AppData\Local\Temp\hub-vaivem360plus.json
[debug] [2026-03-09T01:16:31.567Z] [Extensions] Started Extensions emulator, this is a noop.
[debug] [2026-03-09T01:16:31.573Z] [functions] Functions Emulator only supports listening on one address (127.0.0.1). Not listening on ::1
[debug] [2026-03-09T01:16:31.573Z] [eventarc] Eventarc Emulator only supports listening on one address (127.0.0.1). Not listening on ::1
[debug] [2026-03-09T01:16:31.573Z] [tasks] Cloud Tasks Emulator only supports listening on one address (127.0.0.1). Not listening on ::1
[debug] [2026-03-09T01:16:31.574Z] late-assigned ports for functions and eventarc emulators {"user":{"hub":[{"address":"127.0.0.1","family":"IPv4","port":4400},{"address":"::1","family":"IPv6","port":4400}],"ui":[{"address":"127.0.0.1","family":"IPv4","port":4000},{"address":"::1","family":"IPv6","port":4000}],"logging":[{"address":"127.0.0.1","family":"IPv4","port":4500}],"functions":[{"address":"127.0.0.1","family":"IPv4","port":5001}],"eventarc":[{"address":"127.0.0.1","family":"IPv4","port":9299}],"tasks":[{"address":"127.0.0.1","family":"IPv4","port":9499}]},"metadata":{"message":"late-assigned ports for functions and eventarc emulators"}}
[warn] !  functions: The following emulators are not running, calls to these services from the Functions emulator will affect production: apphosting, auth, firestore, database, hosting, pubsub, storage, dataconnect {"metadata":{"emulator":{"name":"functions"},"message":"The following emulators are not running, calls to these services from the Functions emulator will affect production: \u001b[1mapphosting, auth, firestore, database, hosting, pubsub, storage, dataconnect\u001b[22m"}}
[debug] [2026-03-09T01:16:31.713Z] defaultcredentials: writing to file C:\Users\Joel\AppData\Roaming\firebase\joelcubas1972_gmail_com_application_default_credentials.json
[debug] [2026-03-09T01:16:31.783Z] Setting GAC to C:\Users\Joel\AppData\Roaming\firebase\joelcubas1972_gmail_com_application_default_credentials.json {"metadata":{"emulator":{"name":"functions"},"message":"Setting GAC to C:\\Users\\Joel\\AppData\\Roaming\\firebase\\joelcubas1972_gmail_com_application_default_credentials.json"}}
[debug] [2026-03-09T01:16:31.784Z] Checked if tokens are valid: true, expires at: 1773022587932
[debug] [2026-03-09T01:16:31.785Z] Checked if tokens are valid: true, expires at: 1773022587932
[debug] [2026-03-09T01:16:31.785Z] >>> [apiv2][query] GET https://firebase.googleapis.com/v1beta1/projects/vaivem360plus/adminSdkConfig [none]
[debug] [2026-03-09T01:16:32.284Z] <<< [apiv2][status] GET https://firebase.googleapis.com/v1beta1/projects/vaivem360plus/adminSdkConfig 200
[debug] [2026-03-09T01:16:32.284Z] <<< [apiv2][body] GET https://firebase.googleapis.com/v1beta1/projects/vaivem360plus/adminSdkConfig {"projectId":"vaivem360plus","storageBucket":"vaivem360plus.firebasestorage.app"}
[debug] [2026-03-09T01:16:32.481Z] [Extensions] Connecting Extensions emulator, this is a noop.
[info] i  functions: Watching "D:\vai-vem\functions" for Cloud Functions... {"metadata":{"emulator":{"name":"functions"},"message":"Watching \"D:\\vai-vem\\functions\" for Cloud Functions..."}}
[debug] [2026-03-09T01:16:32.549Z] Validating nodejs source
[debug] [2026-03-09T01:16:37.608Z] > [functions] package.json contents: {
  "name": "functions",
  "scripts": {
    "lint": "eslint --ext .js,.ts .",
    "build": "tsc",
    "build:watch": "tsc --watch",
    "serve": "npm run build && firebase emulators:start --only functions",
    "shell": "npm run build && firebase functions:shell",
    "start": "npm run shell",
    "deploy": "firebase deploy --only functions",
    "logs": "firebase functions:log"
  },
  "engines": {
    "node": "24"
  },
  "main": "lib/index.js",
  "dependencies": {
    "@types/nodemailer": "^7.0.11",
    "firebase-admin": "^13.6.0",
    "firebase-functions": "^7.0.0",
    "nodemailer": "^8.0.1"
  },
  "devDependencies": {
    "@typescript-eslint/eslint-plugin": "^5.12.0",
    "@typescript-eslint/parser": "^5.12.0",
    "eslint": "^8.9.0",
    "eslint-config-google": "^0.14.0",
    "eslint-plugin-import": "^2.25.4",
    "firebase-functions-test": "^3.4.1",
    "typescript": "^5.7.3"
  },
  "private": true
}
[debug] [2026-03-09T01:16:37.608Z] Building nodejs source
[debug] [2026-03-09T01:16:37.609Z] Failed to find version of module node: reached end of search path D:\vai-vem\functions\node_modules
[warn] !  functions: Your requested "node" version "24" doesn't match your global version "23". Using node@23 from host. 
[debug] [2026-03-09T01:16:37.616Z] Could not find functions.yaml. Must use http discovery
[debug] [2026-03-09T01:16:37.735Z] Found firebase-functions binary at 'D:\vai-vem\functions\node_modules\.bin\firebase-functions'
[debug] [2026-03-09T01:16:48.229Z] Failed to call quitquitquit. This often means the server failed to start request to http://localhost:8931/__/quitquitquit failed, reason:  {"message":"request to http://localhost:8931/__/quitquitquit failed, reason: ","type":"system","errno":"ECONNREFUSED","code":"ECONNREFUSED"}
[info] Serving at port 8931

[error] !!  functions: Failed to load function definition from source: FirebaseError: User code failed to load. Cannot determine backend specification. Timeout after 10000. See https://firebase.google.com/docs/functions/tips#avoid_deployment_timeouts_during_initialization' {"metadata":{"emulator":{"name":"functions"},"message":"Failed to load function definition from source: FirebaseError: User code failed to load. Cannot determine backend specification. Timeout after 10000. See https://firebase.google.com/docs/functions/tips#avoid_deployment_timeouts_during_initialization'"}}
[debug] [2026-03-09T01:16:58.503Z] Could not find VSCode notification endpoint: FetchError: request to http://localhost:40001/vscode/notify failed, reason: . If you are not running the Firebase Data Connect VSCode extension, this is expected and not an issue.
[info] 
┌─────────────────────────────────────────────────────────────┐
│ ✔  All emulators ready! It is now safe to connect your app. │
│ i  View Emulator UI at http://127.0.0.1:4000/               │
└─────────────────────────────────────────────────────────────┘

┌────────────┬────────────────┬──────────────────────────────────┐
│ Emulator   │ Host:Port      │ View in Emulator UI              │
├────────────┼────────────────┼──────────────────────────────────┤
│ Functions  │ 127.0.0.1:5001 │ http://127.0.0.1:4000/functions  │
├────────────┼────────────────┼──────────────────────────────────┤
│ Extensions │ 127.0.0.1:5001 │ http://127.0.0.1:4000/extensions │
└────────────┴────────────────┴──────────────────────────────────┘
  Emulator Hub host: 127.0.0.1 port: 4400
  Other reserved ports: 4500
┌─────────────────────────┬───────────────┬─────────────────────┐
│ Extension Instance Name │ Extension Ref │ View in Emulator UI │
└─────────────────────────┴───────────────┴─────────────────────┘
Issues? Report them at https://github.com/firebase/firebase-tools/issues and attach the *-debug.log files.
 
